<?xml version="1.0" encoding="UTF-8"?>
<!-- Generated by org.testng.reporters.JUnitXMLReporter -->
<testsuite hostname="LAPTOP-DQ5HS337" ignored="0" name="test2" tests="3" failures="0" timestamp="2020-02-16T23:51:37 IST" time="29.068" errors="0">
  <testcase name="EnterSignUpData" time="7.864" classname="com.fb.qa.testcases.FbTest2"/>
  <testcase name="checkEnabledElements" time="0.725" classname="com.fb.qa.testcases.FbTest2"/>
  <testcase name="takePhoto" time="0.556" classname="com.fb.qa.testcases.FbTest2"/>
</testsuite> <!-- test2 -->
