<?xml version="1.0" encoding="UTF-8"?>
<!-- Generated by org.testng.reporters.JUnitXMLReporter -->
<testsuite hostname="LAPTOP-DQ5HS337" ignored="0" name="Test" tests="3" failures="0" timestamp="2020-02-16T23:51:08 IST" time="32.085" errors="0">
  <testcase name="EnterSignUpData" time="7.644" classname="com.fb.qa.testcases.FBLoginTest"/>
  <testcase name="checkEnabledElements" time="0.971" classname="com.fb.qa.testcases.FBLoginTest"/>
  <testcase name="takePhoto" time="0.521" classname="com.fb.qa.testcases.FBLoginTest"/>
</testsuite> <!-- Test -->
