<?xml version="1.0" encoding="UTF-8"?>
<!-- Generated by org.testng.reporters.JUnitXMLReporter -->
<testsuite hostname="LAPTOP-DQ5HS337" ignored="0" name="Default test" tests="3" failures="0" timestamp="2020-08-09T01:50:11 IST" time="23.289" errors="0">
  <testcase name="EnterSignUpData" time="7.487" classname="com.fb.qa.testcases.FBLoginTest"/>
  <testcase name="checkEnabledElements" time="0.191" classname="com.fb.qa.testcases.FBLoginTest"/>
  <testcase name="takePhoto" time="0.634" classname="com.fb.qa.testcases.FBLoginTest"/>
</testsuite> <!-- Default test -->
