<?xml version="1.0" encoding="UTF-8"?>
<!-- Generated by org.testng.reporters.JUnitXMLReporter -->
<testsuite hostname="LAPTOP-DQ5HS337" ignored="0" name="Command line test" tests="3" failures="0" timestamp="08 Aug 2020 21:46:18 GMT" time="22.702" errors="0">
  <testcase name="EnterSignUpData" time="6.864" classname="com.fb.qa.testcases.FBLoginTest"/>
  <testcase name="checkEnabledElements" time="0.174" classname="com.fb.qa.testcases.FBLoginTest"/>
  <testcase name="takePhoto" time="0.558" classname="com.fb.qa.testcases.FBLoginTest"/>
</testsuite> <!-- Command line test -->
